1650729640640	geckodriver	INFO	Listening on 127.0.0.1:33493
1650729641151	mozrunner::runner	INFO	Running command: "/usr/bin/firefox" "--marionette" "--remote-debugging-port" "41369" "--remote-allow-hosts" "localhost" "-no-remote" "-profile" "/tmp/rust_mozprofilerOq8Tj"
ATTENTION: default value of option mesa_glthread overridden by environment.
ATTENTION: default value of option mesa_glthread overridden by environment.
1650729641916	Marionette	INFO	Marionette enabled
console.warn: SearchSettings: "get: No settings file exists, new profile?" (new NotFoundError("Could not open the file at /tmp/rust_mozprofilerOq8Tj/search.json.mozlz4", (void 0)))
DevTools listening on ws://localhost:41369/devtools/browser/a6c84b2e-14b3-4b92-9265-0bd0e2d0c63b
1650729643364	Marionette	INFO	Listening on port 44921
Read port: 44921
1650729643469	RemoteAgent	WARN	TLS certificate errors will be ignored for this session
JavaScript error: https://media.ethicalads.io/media/client/v1.4.0/ethicalads.min.js, line 1: Error: No ad placements found.
JavaScript error: resource:///actors/FormValidationChild.jsm, line 184: TypeError: this._element is null
console.warn: LoginRecipes: "getRecipes: falling back to a synchronous message for:" "https://www.python.org"
1650729644967	Marionette	INFO	Stopped listening on port 44921
JavaScript error: resource://gre/modules/UrlClassifierListManager.jsm, line 691: TypeError: this.tablesData[table] is undefined
1650729723225	geckodriver	INFO	Listening on 127.0.0.1:34067
1650729723740	mozrunner::runner	INFO	Running command: "/usr/bin/firefox" "--marionette" "--remote-debugging-port" "49445" "--remote-allow-hosts" "localhost" "-no-remote" "-profile" "/tmp/rust_mozprofilediL0AX"
ATTENTION: default value of option mesa_glthread overridden by environment.
ATTENTION: default value of option mesa_glthread overridden by environment.
1650729724547	Marionette	INFO	Marionette enabled
console.warn: SearchSettings: "get: No settings file exists, new profile?" (new NotFoundError("Could not open the file at /tmp/rust_mozprofilediL0AX/search.json.mozlz4", (void 0)))
DevTools listening on ws://localhost:49445/devtools/browser/838526ed-2726-4c8c-a205-b31e044321bc
1650729725872	Marionette	INFO	Listening on port 39343
Read port: 39343
1650729725959	RemoteAgent	WARN	TLS certificate errors will be ignored for this session
1650729810259	geckodriver	INFO	Listening on 127.0.0.1:53041
1650729810770	mozrunner::runner	INFO	Running command: "/usr/bin/firefox" "--marionette" "--remote-debugging-port" "54815" "--remote-allow-hosts" "localhost" "-no-remote" "-profile" "/tmp/rust_mozprofile706GpP"
ATTENTION: default value of option mesa_glthread overridden by environment.
ATTENTION: default value of option mesa_glthread overridden by environment.
1650729811538	Marionette	INFO	Marionette enabled
console.warn: SearchSettings: "get: No settings file exists, new profile?" (new NotFoundError("Could not open the file at /tmp/rust_mozprofile706GpP/search.json.mozlz4", (void 0)))
DevTools listening on ws://localhost:54815/devtools/browser/d262a55b-96ff-47e3-88fc-87aacad80e7c
1650729813104	Marionette	INFO	Listening on port 45457
Read port: 45457
1650729813184	RemoteAgent	WARN	TLS certificate errors will be ignored for this session
1650729870225	geckodriver	INFO	Listening on 127.0.0.1:49037
1650729870232	mozrunner::runner	INFO	Running command: "/usr/bin/firefox" "--marionette" "--remote-debugging-port" "37623" "--remote-allow-hosts" "localhost" "-no-remote" "-profile" "/tmp/rust_mozprofileu0Qe9k"
ATTENTION: default value of option mesa_glthread overridden by environment.
ATTENTION: default value of option mesa_glthread overridden by environment.
1650729870917	Marionette	INFO	Marionette enabled
console.warn: SearchSettings: "get: No settings file exists, new profile?" (new NotFoundError("Could not open the file at /tmp/rust_mozprofileu0Qe9k/search.json.mozlz4", (void 0)))
DevTools listening on ws://localhost:37623/devtools/browser/90193042-c33d-4e8c-9a87-eabad4fabc03
1650729872371	Marionette	INFO	Listening on port 41855
Read port: 41855
1650729872446	RemoteAgent	WARN	TLS certificate errors will be ignored for this session
1650729921253	Marionette	INFO	Stopped listening on port 41855
console.warn: TopSitesFeed: Failed to fetch data from Contile server: NetworkError when attempting to fetch resource.
JavaScript error: chrome://remote/content/marionette/cert.js, line 55: NS_ERROR_NOT_AVAILABLE: Component returned failure code: 0x80040111 (NS_ERROR_NOT_AVAILABLE) [nsICertOverrideService.setDisableAllSecurityChecksAndLetAttackersInterceptMyData]

###!!! [Parent][PImageBridgeParent] Error: RunMessage(msgname=PImageBridge::Msg_WillClose) Channel closing: too late to send/recv, messages will be lost

1650729923481	geckodriver::marionette	ERROR	Failed to close browser connection: Socket not connected (os error 107)
1650730005962	geckodriver	INFO	Listening on 127.0.0.1:58183
1650730005967	mozrunner::runner	INFO	Running command: "/usr/bin/firefox" "--marionette" "--remote-debugging-port" "50285" "--remote-allow-hosts" "localhost" "-no-remote" "-profile" "/tmp/rust_mozprofileOV7L8E"
ATTENTION: default value of option mesa_glthread overridden by environment.
ATTENTION: default value of option mesa_glthread overridden by environment.
1650730006678	Marionette	INFO	Marionette enabled
console.warn: SearchSettings: "get: No settings file exists, new profile?" (new NotFoundError("Could not open the file at /tmp/rust_mozprofileOV7L8E/search.json.mozlz4", (void 0)))
DevTools listening on ws://localhost:50285/devtools/browser/d95484d2-78ec-4e2d-9e52-368002f9c044
1650730007886	Marionette	INFO	Listening on port 38215
Read port: 38215
1650730007989	RemoteAgent	WARN	TLS certificate errors will be ignored for this session
1650730162021	geckodriver	INFO	Listening on 127.0.0.1:38579
1650730162025	mozrunner::runner	INFO	Running command: "/usr/bin/firefox" "--marionette" "--remote-debugging-port" "47841" "--remote-allow-hosts" "localhost" "-no-remote" "-profile" "/tmp/rust_mozprofile6OUrig"
ATTENTION: default value of option mesa_glthread overridden by environment.
ATTENTION: default value of option mesa_glthread overridden by environment.
1650730162691	Marionette	INFO	Marionette enabled
console.warn: SearchSettings: "get: No settings file exists, new profile?" (new NotFoundError("Could not open the file at /tmp/rust_mozprofile6OUrig/search.json.mozlz4", (void 0)))
DevTools listening on ws://localhost:47841/devtools/browser/a4da5034-be97-4b06-8a99-5d5577521012
1650730164245	Marionette	INFO	Listening on port 42511
Read port: 42511
1650730164341	RemoteAgent	WARN	TLS certificate errors will be ignored for this session
1650730185352	Marionette	INFO	Stopped listening on port 42511

###!!! [Parent][PImageBridgeParent] Error: RunMessage(msgname=PImageBridge::Msg_WillClose) Channel closing: too late to send/recv, messages will be lost

1650730221228	geckodriver	INFO	Listening on 127.0.0.1:43965
1650730221231	mozrunner::runner	INFO	Running command: "/usr/bin/firefox" "--marionette" "--remote-debugging-port" "37593" "--remote-allow-hosts" "localhost" "-no-remote" "-profile" "/tmp/rust_mozprofileFKjFmD"
ATTENTION: default value of option mesa_glthread overridden by environment.
ATTENTION: default value of option mesa_glthread overridden by environment.
1650730221916	Marionette	INFO	Marionette enabled
console.warn: SearchSettings: "get: No settings file exists, new profile?" (new NotFoundError("Could not open the file at /tmp/rust_mozprofileFKjFmD/search.json.mozlz4", (void 0)))
DevTools listening on ws://localhost:37593/devtools/browser/677d6190-0168-417e-aeff-7194a3be3a83
1650730223072	Marionette	INFO	Listening on port 44979
Read port: 44979
1650730223165	RemoteAgent	WARN	TLS certificate errors will be ignored for this session
1650730253831	Marionette	INFO	Stopped listening on port 44979

###!!! [Parent][PImageBridgeParent] Error: RunMessage(msgname=PImageBridge::Msg_WillClose) Channel closing: too late to send/recv, messages will be lost

1650730292958	geckodriver	INFO	Listening on 127.0.0.1:53571
1650730292963	mozrunner::runner	INFO	Running command: "/usr/bin/firefox" "--marionette" "--remote-debugging-port" "36821" "--remote-allow-hosts" "localhost" "-no-remote" "-profile" "/tmp/rust_mozprofileQtYBUp"
ATTENTION: default value of option mesa_glthread overridden by environment.
ATTENTION: default value of option mesa_glthread overridden by environment.
1650730293623	Marionette	INFO	Marionette enabled
console.warn: SearchSettings: "get: No settings file exists, new profile?" (new NotFoundError("Could not open the file at /tmp/rust_mozprofileQtYBUp/search.json.mozlz4", (void 0)))
DevTools listening on ws://localhost:36821/devtools/browser/7769176b-61b3-4d36-bdaa-33af9c8412a8
1650730294832	Marionette	INFO	Listening on port 42571
Read port: 42571
1650730294879	RemoteAgent	WARN	TLS certificate errors will be ignored for this session
1650730321578	Marionette	INFO	Stopped listening on port 42571

###!!! [Parent][PImageBridgeParent] Error: RunMessage(msgname=PImageBridge::Msg_WillClose) Channel closing: too late to send/recv, messages will be lost

1650730378550	geckodriver	INFO	Listening on 127.0.0.1:36001
1650730378555	mozrunner::runner	INFO	Running command: "/usr/bin/firefox" "--marionette" "--remote-debugging-port" "43793" "--remote-allow-hosts" "localhost" "-no-remote" "-profile" "/tmp/rust_mozprofileTjhzTS"
ATTENTION: default value of option mesa_glthread overridden by environment.
ATTENTION: default value of option mesa_glthread overridden by environment.
1650730379231	Marionette	INFO	Marionette enabled
console.warn: SearchSettings: "get: No settings file exists, new profile?" (new NotFoundError("Could not open the file at /tmp/rust_mozprofileTjhzTS/search.json.mozlz4", (void 0)))
DevTools listening on ws://localhost:43793/devtools/browser/ee501c1c-891c-4c23-870a-6d4cd487ba53
1650730380516	Marionette	INFO	Listening on port 44525
Read port: 44525
1650730380577	RemoteAgent	WARN	TLS certificate errors will be ignored for this session
JavaScript error: resource://devtools/client/shared/source-map/index.js, line 189: Error: Line numbers must be >= 1
JavaScript error: resource://devtools/client/shared/source-map/index.js, line 189: Error: Line numbers must be >= 1
JavaScript error: resource://devtools/client/shared/source-map/index.js, line 189: Error: Line numbers must be >= 1
JavaScript error: resource://devtools/client/shared/source-map/index.js, line 189: Error: Line numbers must be >= 1
JavaScript error: resource://devtools/client/shared/source-map/index.js, line 189: Error: Line numbers must be >= 1
JavaScript error: resource://devtools/client/shared/source-map/index.js, line 189: Error: Line numbers must be >= 1
JavaScript error: resource://devtools/client/shared/source-map/index.js, line 189: Error: Line numbers must be >= 1
JavaScript error: resource://devtools/client/shared/source-map/index.js, line 189: Error: Line numbers must be >= 1
JavaScript error: resource://devtools/client/shared/source-map/index.js, line 189: Error: Line numbers must be >= 1
JavaScript error: resource://devtools/client/shared/source-map/index.js, line 189: Error: Line numbers must be >= 1
JavaScript error: resource://devtools/client/shared/source-map/index.js, line 189: Error: Line numbers must be >= 1
JavaScript error: resource://devtools/client/shared/source-map/index.js, line 189: Error: Line numbers must be >= 1
JavaScript error: resource://devtools/client/shared/source-map/index.js, line 189: Error: Line numbers must be >= 1
JavaScript error: resource://devtools/client/shared/source-map/index.js, line 189: Error: Line numbers must be >= 1
JavaScript error: resource://devtools/client/shared/source-map/index.js, line 189: Error: Line numbers must be >= 1
JavaScript error: resource://devtools/client/shared/source-map/index.js, line 189: Error: Line numbers must be >= 1
JavaScript error: resource://devtools/client/shared/source-map/index.js, line 189: Error: Line numbers must be >= 1
JavaScript error: resource://devtools/client/shared/source-map/index.js, line 189: Error: Line numbers must be >= 1
JavaScript error: resource://devtools/client/shared/source-map/index.js, line 189: Error: Line numbers must be >= 1
JavaScript error: resource://devtools/client/shared/source-map/index.js, line 189: Error: Line numbers must be >= 1
JavaScript error: resource://devtools/client/shared/source-map/index.js, line 189: Error: Line numbers must be >= 1
JavaScript error: resource://devtools/client/shared/source-map/index.js, line 189: Error: Line numbers must be >= 1
JavaScript error: resource://devtools/client/shared/source-map/index.js, line 189: Error: Line numbers must be >= 1
JavaScript error: resource://devtools/client/shared/source-map/index.js, line 189: Error: Line numbers must be >= 1
JavaScript error: resource://devtools/client/shared/source-map/index.js, line 189: Error: Line numbers must be >= 1
JavaScript error: , line 0: NotFoundError: No such JSWindowActor 'DevToolsFrame'
JavaScript error: , line 0: NotFoundError: No such JSWindowActor 'DevToolsFrame'
JavaScript error: , line 0: NotFoundError: No such JSWindowActor 'DevToolsFrame'
1650730420398	Marionette	INFO	Stopped listening on port 44525

###!!! [Parent][PImageBridgeParent] Error: RunMessage(msgname=PImageBridge::Msg_WillClose) Channel closing: too late to send/recv, messages will be lost

1650730520886	geckodriver	INFO	Listening on 127.0.0.1:40927
1650730521402	mozrunner::runner	INFO	Running command: "/usr/bin/firefox" "--marionette" "--remote-debugging-port" "33481" "--remote-allow-hosts" "localhost" "-no-remote" "-profile" "/tmp/rust_mozprofile213I82"
ATTENTION: default value of option mesa_glthread overridden by environment.
ATTENTION: default value of option mesa_glthread overridden by environment.
1650730522119	Marionette	INFO	Marionette enabled
console.warn: SearchSettings: "get: No settings file exists, new profile?" (new NotFoundError("Could not open the file at /tmp/rust_mozprofile213I82/search.json.mozlz4", (void 0)))
DevTools listening on ws://localhost:33481/devtools/browser/e10f405a-dfa1-44b4-9d1e-319cf5795618
1650730523353	Marionette	INFO	Listening on port 36497
Read port: 36497
1650730523416	RemoteAgent	WARN	TLS certificate errors will be ignored for this session
1650730559589	Marionette	INFO	Stopped listening on port 36497

###!!! [Parent][PImageBridgeParent] Error: RunMessage(msgname=PImageBridge::Msg_WillClose) Channel closing: too late to send/recv, messages will be lost

1650730645088	geckodriver	INFO	Listening on 127.0.0.1:38253
1650730645092	mozrunner::runner	INFO	Running command: "/usr/bin/firefox" "--marionette" "--remote-debugging-port" "34589" "--remote-allow-hosts" "localhost" "-no-remote" "-profile" "/tmp/rust_mozprofilepDEjnx"
ATTENTION: default value of option mesa_glthread overridden by environment.
ATTENTION: default value of option mesa_glthread overridden by environment.
1650730645794	Marionette	INFO	Marionette enabled
console.warn: SearchSettings: "get: No settings file exists, new profile?" (new NotFoundError("Could not open the file at /tmp/rust_mozprofilepDEjnx/search.json.mozlz4", (void 0)))
DevTools listening on ws://localhost:34589/devtools/browser/8cab1c16-a953-4cfb-a05d-787c986723ac
1650730647016	Marionette	INFO	Listening on port 37477
Read port: 37477
1650730647105	RemoteAgent	WARN	TLS certificate errors will be ignored for this session
1650730697149	Marionette	INFO	Stopped listening on port 37477

###!!! [Parent][PImageBridgeParent] Error: RunMessage(msgname=PImageBridge::Msg_WillClose) Channel closing: too late to send/recv, messages will be lost

1650730737857	Marionette	INFO	Stopped listening on port 38215
console.warn: TopSitesFeed: Failed to fetch data from Contile server: NetworkError when attempting to fetch resource.

###!!! [Parent][PImageBridgeParent] Error: RunMessage(msgname=PImageBridge::Msg_WillClose) Channel closing: too late to send/recv, messages will be lost

1650730758197	Marionette	INFO	Stopped listening on port 45457
console.warn: TopSitesFeed: Failed to fetch data from Contile server: NetworkError when attempting to fetch resource.

###!!! [Parent][PImageBridgeParent] Error: RunMessage(msgname=PImageBridge::Msg_WillClose) Channel closing: too late to send/recv, messages will be lost

1650730762443	Marionette	INFO	Stopped listening on port 39343
console.warn: TopSitesFeed: Failed to fetch data from Contile server: NetworkError when attempting to fetch resource.
JavaScript error: chrome://remote/content/marionette/cert.js, line 55: NS_ERROR_NOT_AVAILABLE: Component returned failure code: 0x80040111 (NS_ERROR_NOT_AVAILABLE) [nsICertOverrideService.setDisableAllSecurityChecksAndLetAttackersInterceptMyData]

###!!! [Parent][PImageBridgeParent] Error: RunMessage(msgname=PImageBridge::Msg_WillClose) Channel closing: too late to send/recv, messages will be lost

1650730773972	geckodriver	INFO	Listening on 127.0.0.1:41551
1650730773977	mozrunner::runner	INFO	Running command: "/usr/bin/firefox" "--marionette" "--remote-debugging-port" "36575" "--remote-allow-hosts" "localhost" "-no-remote" "-profile" "/tmp/rust_mozprofile71ukLV"
ATTENTION: default value of option mesa_glthread overridden by environment.
ATTENTION: default value of option mesa_glthread overridden by environment.
1650730774721	Marionette	INFO	Marionette enabled
console.warn: SearchSettings: "get: No settings file exists, new profile?" (new NotFoundError("Could not open the file at /tmp/rust_mozprofile71ukLV/search.json.mozlz4", (void 0)))
DevTools listening on ws://localhost:36575/devtools/browser/3df34264-9487-457f-a33b-2709b3daff54
1650730776022	Marionette	INFO	Listening on port 46587
Read port: 46587
1650730776102	RemoteAgent	WARN	TLS certificate errors will be ignored for this session
1650730810310	geckodriver	INFO	Listening on 127.0.0.1:52021
1650730810315	mozrunner::runner	INFO	Running command: "/usr/bin/firefox" "--marionette" "--remote-debugging-port" "33049" "--remote-allow-hosts" "localhost" "-no-remote" "-profile" "/tmp/rust_mozprofilexXrT1R"
ATTENTION: default value of option mesa_glthread overridden by environment.
ATTENTION: default value of option mesa_glthread overridden by environment.
1650730811187	Marionette	INFO	Marionette enabled
console.warn: SearchSettings: "get: No settings file exists, new profile?" (new NotFoundError("Could not open the file at /tmp/rust_mozprofilexXrT1R/search.json.mozlz4", (void 0)))
DevTools listening on ws://localhost:33049/devtools/browser/ff840cb1-6475-4916-b75e-08374b4d11b8
1650730812711	Marionette	INFO	Listening on port 38461
Read port: 38461
1650730812730	RemoteAgent	WARN	TLS certificate errors will be ignored for this session
1650730813977	Marionette	INFO	Stopped listening on port 46587
console.warn: TopSitesFeed: Failed to fetch data from Contile server: NetworkError when attempting to fetch resource.
JavaScript error: chrome://remote/content/marionette/cert.js, line 55: NS_ERROR_NOT_AVAILABLE: Component returned failure code: 0x80040111 (NS_ERROR_NOT_AVAILABLE) [nsICertOverrideService.setDisableAllSecurityChecksAndLetAttackersInterceptMyData]
1650730843855	Marionette	INFO	Stopped listening on port 38461
1650730890296	geckodriver	INFO	Listening on 127.0.0.1:37149
1650730890811	mozrunner::runner	INFO	Running command: "/usr/bin/firefox" "--marionette" "--remote-debugging-port" "35917" "--remote-allow-hosts" "localhost" "-no-remote" "-profile" "/tmp/rust_mozprofileNpF7FR"
ATTENTION: default value of option mesa_glthread overridden by environment.
ATTENTION: default value of option mesa_glthread overridden by environment.
1650730891518	Marionette	INFO	Marionette enabled
console.warn: SearchSettings: "get: No settings file exists, new profile?" (new NotFoundError("Could not open the file at /tmp/rust_mozprofileNpF7FR/search.json.mozlz4", (void 0)))
DevTools listening on ws://localhost:35917/devtools/browser/260ebe52-286a-4c5d-825d-62fb5b570dcb
1650730892716	Marionette	INFO	Listening on port 33119
Read port: 33119
1650730892836	RemoteAgent	WARN	TLS certificate errors will be ignored for this session
1650730911471	Marionette	INFO	Stopped listening on port 33119

###!!! [Parent][PImageBridgeParent] Error: RunMessage(msgname=PImageBridge::Msg_WillClose) Channel closing: too late to send/recv, messages will be lost

1650730951472	geckodriver	INFO	Listening on 127.0.0.1:56083
1650730951979	mozrunner::runner	INFO	Running command: "/usr/bin/firefox" "--marionette" "--remote-debugging-port" "39741" "--remote-allow-hosts" "localhost" "-no-remote" "-profile" "/tmp/rust_mozprofiletAbSHQ"
ATTENTION: default value of option mesa_glthread overridden by environment.
ATTENTION: default value of option mesa_glthread overridden by environment.
1650730952847	Marionette	INFO	Marionette enabled
console.warn: SearchSettings: "get: No settings file exists, new profile?" (new NotFoundError("Could not open the file at /tmp/rust_mozprofiletAbSHQ/search.json.mozlz4", (void 0)))
DevTools listening on ws://localhost:39741/devtools/browser/03d8f3ef-7ed4-4fe8-bb21-cc602ede5921
1650730954153	Marionette	INFO	Listening on port 37117
Read port: 37117
1650730954205	RemoteAgent	WARN	TLS certificate errors will be ignored for this session
1650730986393	Marionette	INFO	Stopped listening on port 37117
1650731059949	geckodriver	INFO	Listening on 127.0.0.1:52653
1650731059954	mozrunner::runner	INFO	Running command: "/usr/bin/firefox" "--marionette" "--remote-debugging-port" "35837" "--remote-allow-hosts" "localhost" "-no-remote" "-profile" "/tmp/rust_mozprofiledDbjxB"
ATTENTION: default value of option mesa_glthread overridden by environment.
ATTENTION: default value of option mesa_glthread overridden by environment.
1650731060679	Marionette	INFO	Marionette enabled
console.warn: SearchSettings: "get: No settings file exists, new profile?" (new NotFoundError("Could not open the file at /tmp/rust_mozprofiledDbjxB/search.json.mozlz4", (void 0)))
DevTools listening on ws://localhost:35837/devtools/browser/fdbacdd6-8452-4002-a25f-f639d038d37d
1650731062244	Marionette	INFO	Listening on port 38969
Read port: 38969
1650731062268	RemoteAgent	WARN	TLS certificate errors will be ignored for this session
1650731104305	Marionette	INFO	Stopped listening on port 38969

###!!! [Parent][PImageBridgeParent] Error: RunMessage(msgname=PImageBridge::Msg_WillClose) Channel closing: too late to send/recv, messages will be lost

1650731219326	geckodriver	INFO	Listening on 127.0.0.1:41661
1650731219330	mozrunner::runner	INFO	Running command: "/usr/bin/firefox" "--marionette" "--remote-debugging-port" "47969" "--remote-allow-hosts" "localhost" "-no-remote" "-profile" "/tmp/rust_mozprofilef1CJr5"
ATTENTION: default value of option mesa_glthread overridden by environment.
ATTENTION: default value of option mesa_glthread overridden by environment.
1650731220052	Marionette	INFO	Marionette enabled
console.warn: SearchSettings: "get: No settings file exists, new profile?" (new NotFoundError("Could not open the file at /tmp/rust_mozprofilef1CJr5/search.json.mozlz4", (void 0)))
DevTools listening on ws://localhost:47969/devtools/browser/1f7a41a0-dcb3-4d5b-bdb3-b8750f931462
1650731221465	Marionette	INFO	Listening on port 39331
Read port: 39331
1650731221547	RemoteAgent	WARN	TLS certificate errors will be ignored for this session
1650731263837	Marionette	INFO	Stopped listening on port 39331

###!!! [Parent][PImageBridgeParent] Error: RunMessage(msgname=PImageBridge::Msg_WillClose) Channel closing: too late to send/recv, messages will be lost

1650731364158	geckodriver	INFO	Listening on 127.0.0.1:37279
1650731364162	mozrunner::runner	INFO	Running command: "/usr/bin/firefox" "--marionette" "--remote-debugging-port" "34339" "--remote-allow-hosts" "localhost" "-no-remote" "-profile" "/tmp/rust_mozprofilevE1b31"
ATTENTION: default value of option mesa_glthread overridden by environment.
ATTENTION: default value of option mesa_glthread overridden by environment.
1650731364901	Marionette	INFO	Marionette enabled
console.warn: SearchSettings: "get: No settings file exists, new profile?" (new NotFoundError("Could not open the file at /tmp/rust_mozprofilevE1b31/search.json.mozlz4", (void 0)))
DevTools listening on ws://localhost:34339/devtools/browser/6c6e76ba-77c9-4939-a912-94dad5c25b72
1650731366337	Marionette	INFO	Listening on port 46795
Read port: 46795
1650731366380	RemoteAgent	WARN	TLS certificate errors will be ignored for this session
1650731388483	Marionette	INFO	Stopped listening on port 46795

###!!! [Parent][PImageBridgeParent] Error: RunMessage(msgname=PImageBridge::Msg_WillClose) Channel closing: too late to send/recv, messages will be lost

1650731419543	geckodriver	INFO	Listening on 127.0.0.1:47897
1650731419548	mozrunner::runner	INFO	Running command: "/usr/bin/firefox" "--marionette" "--remote-debugging-port" "49395" "--remote-allow-hosts" "localhost" "-no-remote" "-profile" "/tmp/rust_mozprofileWnfcn3"
ATTENTION: default value of option mesa_glthread overridden by environment.
ATTENTION: default value of option mesa_glthread overridden by environment.
1650731420319	Marionette	INFO	Marionette enabled
console.warn: SearchSettings: "get: No settings file exists, new profile?" (new NotFoundError("Could not open the file at /tmp/rust_mozprofileWnfcn3/search.json.mozlz4", (void 0)))
DevTools listening on ws://localhost:49395/devtools/browser/ee028b3d-f7a7-4eae-a17a-72dded838e41
1650731421582	Marionette	INFO	Listening on port 33639
Read port: 33639
1650731421682	RemoteAgent	WARN	TLS certificate errors will be ignored for this session
1650731446004	Marionette	INFO	Stopped listening on port 33639

###!!! [Parent][PImageBridgeParent] Error: RunMessage(msgname=PImageBridge::Msg_WillClose) Channel closing: too late to send/recv, messages will be lost

1650731489586	geckodriver	INFO	Listening on 127.0.0.1:50869
1650731490093	mozrunner::runner	INFO	Running command: "/usr/bin/firefox" "--marionette" "--remote-debugging-port" "57905" "--remote-allow-hosts" "localhost" "-no-remote" "-profile" "/tmp/rust_mozprofileLDBJkq"
ATTENTION: default value of option mesa_glthread overridden by environment.
ATTENTION: default value of option mesa_glthread overridden by environment.
1650731491015	Marionette	INFO	Marionette enabled
console.warn: SearchSettings: "get: No settings file exists, new profile?" (new NotFoundError("Could not open the file at /tmp/rust_mozprofileLDBJkq/search.json.mozlz4", (void 0)))
DevTools listening on ws://localhost:57905/devtools/browser/d8bb2810-5f1d-468b-bd19-d3db0b8659cc
1650731492184	Marionette	INFO	Listening on port 38747
Read port: 38747
1650731492207	RemoteAgent	WARN	TLS certificate errors will be ignored for this session
1650731520842	Marionette	INFO	Stopped listening on port 38747

###!!! [Parent][PImageBridgeParent] Error: RunMessage(msgname=PImageBridge::Msg_WillClose) Channel closing: too late to send/recv, messages will be lost

1650738402488	geckodriver	INFO	Listening on 127.0.0.1:53021
1650738402988	mozrunner::runner	INFO	Running command: "/usr/bin/firefox" "--marionette" "--remote-debugging-port" "49545" "--remote-allow-hosts" "localhost" "-no-remote" "-profile" "/tmp/rust_mozprofileMxigLf"
ATTENTION: default value of option mesa_glthread overridden by environment.
ATTENTION: default value of option mesa_glthread overridden by environment.
1650738403946	Marionette	INFO	Marionette enabled
console.warn: SearchSettings: "get: No settings file exists, new profile?" (new NotFoundError("Could not open the file at /tmp/rust_mozprofileMxigLf/search.json.mozlz4", (void 0)))
DevTools listening on ws://localhost:49545/devtools/browser/9e6792b5-e556-40a9-aeb9-104ef837cd1d
1650738405086	Marionette	INFO	Listening on port 46717
Read port: 46717
1650738405117	RemoteAgent	WARN	TLS certificate errors will be ignored for this session
1650738434114	Marionette	INFO	Stopped listening on port 46717
1650739012732	geckodriver	INFO	Listening on 127.0.0.1:58307
1650739013243	mozrunner::runner	INFO	Running command: "/usr/bin/firefox" "--marionette" "--remote-debugging-port" "45811" "--remote-allow-hosts" "localhost" "-no-remote" "-profile" "/tmp/rust_mozprofile85iXV4"
ATTENTION: default value of option mesa_glthread overridden by environment.
ATTENTION: default value of option mesa_glthread overridden by environment.
1650739014065	Marionette	INFO	Marionette enabled
console.warn: SearchSettings: "get: No settings file exists, new profile?" (new NotFoundError("Could not open the file at /tmp/rust_mozprofile85iXV4/search.json.mozlz4", (void 0)))
DevTools listening on ws://localhost:45811/devtools/browser/8fdeea35-094a-428d-8483-95a6803d3b28
1650739015527	Marionette	INFO	Listening on port 36309
Read port: 36309
1650739015559	RemoteAgent	WARN	TLS certificate errors will be ignored for this session
1650739022610	Marionette	INFO	Stopped listening on port 36309
console.warn: TopSitesFeed: Failed to fetch data from Contile server: NetworkError when attempting to fetch resource.
JavaScript error: chrome://remote/content/marionette/cert.js, line 55: NS_ERROR_NOT_AVAILABLE: Component returned failure code: 0x80040111 (NS_ERROR_NOT_AVAILABLE) [nsICertOverrideService.setDisableAllSecurityChecksAndLetAttackersInterceptMyData]

###!!! [Parent][PImageBridgeParent] Error: RunMessage(msgname=PImageBridge::Msg_WillClose) Channel closing: too late to send/recv, messages will be lost

1650739183793	geckodriver	INFO	Listening on 127.0.0.1:56251
1650739183797	mozrunner::runner	INFO	Running command: "/usr/bin/firefox" "--marionette" "--remote-debugging-port" "35441" "--remote-allow-hosts" "localhost" "-no-remote" "-profile" "/tmp/rust_mozprofileLbYr93"
ATTENTION: default value of option mesa_glthread overridden by environment.
ATTENTION: default value of option mesa_glthread overridden by environment.
1650739184501	Marionette	INFO	Marionette enabled
console.warn: SearchSettings: "get: No settings file exists, new profile?" (new NotFoundError("Could not open the file at /tmp/rust_mozprofileLbYr93/search.json.mozlz4", (void 0)))
DevTools listening on ws://localhost:35441/devtools/browser/cc8bf791-5907-49c0-b817-585626065b74
1650739185642	Marionette	INFO	Listening on port 33335
Read port: 33335
1650739185712	RemoteAgent	WARN	TLS certificate errors will be ignored for this session
1650739187316	Marionette	INFO	Stopped listening on port 33335
console.warn: TopSitesFeed: Failed to fetch data from Contile server: NetworkError when attempting to fetch resource.
JavaScript error: chrome://remote/content/marionette/cert.js, line 55: NS_ERROR_NOT_AVAILABLE: Component returned failure code: 0x80040111 (NS_ERROR_NOT_AVAILABLE) [nsICertOverrideService.setDisableAllSecurityChecksAndLetAttackersInterceptMyData]
JavaScript error: resource://gre/modules/TerminatorTelemetry.jsm, line 71: AbortError: IOUtils: Shutting down and refusing additional I/O tasks
1650739192224	geckodriver::marionette	ERROR	Failed to close browser connection: Socket not connected (os error 107)
1650739208135	geckodriver	INFO	Listening on 127.0.0.1:35345
1650739208138	mozrunner::runner	INFO	Running command: "/usr/bin/firefox" "--marionette" "--remote-debugging-port" "60127" "--remote-allow-hosts" "localhost" "-no-remote" "-profile" "/tmp/rust_mozprofilehgf7wx"
ATTENTION: default value of option mesa_glthread overridden by environment.
ATTENTION: default value of option mesa_glthread overridden by environment.
1650739208870	Marionette	INFO	Marionette enabled
console.warn: SearchSettings: "get: No settings file exists, new profile?" (new NotFoundError("Could not open the file at /tmp/rust_mozprofilehgf7wx/search.json.mozlz4", (void 0)))
DevTools listening on ws://localhost:60127/devtools/browser/fe9b510b-15dd-4ccc-b5a0-7a675db4ba75
1650739210324	Marionette	INFO	Listening on port 36041
Read port: 36041
1650739210353	RemoteAgent	WARN	TLS certificate errors will be ignored for this session
1650739495628	geckodriver	INFO	Listening on 127.0.0.1:38453
1650739495632	mozrunner::runner	INFO	Running command: "/usr/bin/firefox" "--marionette" "--remote-debugging-port" "53579" "--remote-allow-hosts" "localhost" "-no-remote" "-profile" "/tmp/rust_mozprofileDsJLzi"
ATTENTION: default value of option mesa_glthread overridden by environment.
ATTENTION: default value of option mesa_glthread overridden by environment.
1650739496356	Marionette	INFO	Marionette enabled
console.warn: SearchSettings: "get: No settings file exists, new profile?" (new NotFoundError("Could not open the file at /tmp/rust_mozprofileDsJLzi/search.json.mozlz4", (void 0)))
DevTools listening on ws://localhost:53579/devtools/browser/7a13ff26-9eae-4cf4-9390-126b28c39a83
1650739497758	Marionette	INFO	Listening on port 33795
Read port: 33795
1650739497847	RemoteAgent	WARN	TLS certificate errors will be ignored for this session
JavaScript error: resource://devtools/client/shared/source-map/index.js, line 189: Error: Line numbers must be >= 1
JavaScript error: resource://devtools/client/shared/source-map/index.js, line 189: Error: Line numbers must be >= 1
JavaScript error: resource://devtools/client/shared/source-map/index.js, line 189: Error: Line numbers must be >= 1
JavaScript error: resource://devtools/client/shared/source-map/index.js, line 189: Error: Line numbers must be >= 1
JavaScript error: resource://devtools/client/shared/source-map/index.js, line 189: Error: Line numbers must be >= 1
JavaScript error: resource://devtools/client/shared/source-map/index.js, line 189: Error: Line numbers must be >= 1
JavaScript error: resource://devtools/client/shared/source-map/index.js, line 189: Error: Line numbers must be >= 1
JavaScript error: resource://devtools/client/shared/source-map/index.js, line 189: Error: Line numbers must be >= 1
JavaScript error: resource://devtools/client/shared/source-map/index.js, line 189: Error: Line numbers must be >= 1
JavaScript error: resource://devtools/client/shared/source-map/index.js, line 189: Error: Line numbers must be >= 1
JavaScript error: resource://devtools/client/shared/source-map/index.js, line 189: Error: Line numbers must be >= 1
JavaScript error: resource://devtools/client/shared/source-map/index.js, line 189: Error: Line numbers must be >= 1
JavaScript error: resource://devtools/client/shared/source-map/index.js, line 189: Error: Line numbers must be >= 1
JavaScript error: resource://devtools/client/shared/source-map/index.js, line 189: Error: Line numbers must be >= 1
JavaScript error: resource://devtools/client/shared/source-map/index.js, line 189: Error: Line numbers must be >= 1
JavaScript error: resource://devtools/client/shared/source-map/index.js, line 189: Error: Line numbers must be >= 1
JavaScript error: resource://devtools/client/shared/source-map/index.js, line 189: Error: Line numbers must be >= 1
JavaScript error: resource://devtools/client/shared/source-map/index.js, line 189: Error: Line numbers must be >= 1
JavaScript error: resource://devtools/client/shared/source-map/index.js, line 189: Error: Line numbers must be >= 1
JavaScript error: resource://devtools/client/shared/source-map/index.js, line 189: Error: Line numbers must be >= 1
JavaScript error: resource://devtools/client/shared/source-map/index.js, line 189: Error: Line numbers must be >= 1
JavaScript error: resource://devtools/client/shared/source-map/index.js, line 189: Error: Line numbers must be >= 1
JavaScript error: resource://devtools/client/shared/source-map/index.js, line 189: Error: Line numbers must be >= 1
JavaScript error: resource://devtools/client/shared/source-map/index.js, line 189: Error: Line numbers must be >= 1
JavaScript error: resource://devtools/client/shared/source-map/index.js, line 189: Error: Line numbers must be >= 1
JavaScript error: resource://devtools/client/shared/source-map/index.js, line 189: Error: Line numbers must be >= 1
JavaScript error: resource://devtools/client/shared/source-map/index.js, line 189: Error: Line numbers must be >= 1
JavaScript error: resource://devtools/client/shared/source-map/index.js, line 189: Error: Line numbers must be >= 1
JavaScript error: resource://gre/modules/AsyncShutdown.jsm, line 575: NotFoundError: No such JSWindowActor 'DevToolsFrame'
JavaScript error: resource://gre/modules/AsyncShutdown.jsm, line 575: NotFoundError: No such JSWindowActor 'DevToolsFrame'
JavaScript error: resource://gre/modules/AsyncShutdown.jsm, line 575: NotFoundError: No such JSWindowActor 'DevToolsFrame'
1650739591686	Marionette	INFO	Stopped listening on port 33795
console.warn: TopSitesFeed: Failed to fetch data from Contile server: NetworkError when attempting to fetch resource.
JavaScript error: chrome://remote/content/marionette/cert.js, line 55: NS_ERROR_NOT_AVAILABLE: Component returned failure code: 0x80040111 (NS_ERROR_NOT_AVAILABLE) [nsICertOverrideService.setDisableAllSecurityChecksAndLetAttackersInterceptMyData]

###!!! [Parent][PImageBridgeParent] Error: RunMessage(msgname=PImageBridge::Msg_WillClose) Channel closing: too late to send/recv, messages will be lost

1650739592437	Marionette	INFO	Stopped listening on port 36041
console.warn: TopSitesFeed: Failed to fetch data from Contile server: NetworkError when attempting to fetch resource.
JavaScript error: chrome://remote/content/marionette/cert.js, line 55: NS_ERROR_NOT_AVAILABLE: Component returned failure code: 0x80040111 (NS_ERROR_NOT_AVAILABLE) [nsICertOverrideService.setDisableAllSecurityChecksAndLetAttackersInterceptMyData]

###!!! [Parent][PImageBridgeParent] Error: RunMessage(msgname=PImageBridge::Msg_WillClose) Channel closing: too late to send/recv, messages will be lost

1650739595412	geckodriver	INFO	Listening on 127.0.0.1:40479
1650739595417	mozrunner::runner	INFO	Running command: "/usr/bin/firefox" "--marionette" "--remote-debugging-port" "48393" "--remote-allow-hosts" "localhost" "-no-remote" "-profile" "/tmp/rust_mozprofileo2BJe6"
ATTENTION: default value of option mesa_glthread overridden by environment.
ATTENTION: default value of option mesa_glthread overridden by environment.
1650739596124	Marionette	INFO	Marionette enabled
console.warn: SearchSettings: "get: No settings file exists, new profile?" (new NotFoundError("Could not open the file at /tmp/rust_mozprofileo2BJe6/search.json.mozlz4", (void 0)))
DevTools listening on ws://localhost:48393/devtools/browser/f3866ff5-863b-44f2-a08b-79a6d7f734ab
1650739597451	Marionette	INFO	Listening on port 38295
Read port: 38295
1650739597537	RemoteAgent	WARN	TLS certificate errors will be ignored for this session
1650739626224	geckodriver	INFO	Listening on 127.0.0.1:57243
1650739626738	mozrunner::runner	INFO	Running command: "/usr/bin/firefox" "--marionette" "--remote-debugging-port" "41195" "--remote-allow-hosts" "localhost" "-no-remote" "-profile" "/tmp/rust_mozprofileSuLRme"
ATTENTION: default value of option mesa_glthread overridden by environment.
ATTENTION: default value of option mesa_glthread overridden by environment.
1650739627515	Marionette	INFO	Marionette enabled
console.warn: SearchSettings: "get: No settings file exists, new profile?" (new NotFoundError("Could not open the file at /tmp/rust_mozprofileSuLRme/search.json.mozlz4", (void 0)))
DevTools listening on ws://localhost:41195/devtools/browser/14c16241-8174-43e5-91c6-65f861a6a092
1650739629016	Marionette	INFO	Listening on port 36483
Read port: 36483
1650739629056	RemoteAgent	WARN	TLS certificate errors will be ignored for this session

###!!! [Parent][PBackgroundParent] Error: RunMessage(msgname=PBackgroundIDBDatabase::Msg_Close) Channel closing: too late to send/recv, messages will be lost

1650739687049	geckodriver	INFO	Listening on 127.0.0.1:55755
1650739687557	mozrunner::runner	INFO	Running command: "/usr/bin/firefox" "--marionette" "--remote-debugging-port" "55299" "--remote-allow-hosts" "localhost" "-no-remote" "-profile" "/tmp/rust_mozprofileHobD2o"
ATTENTION: default value of option mesa_glthread overridden by environment.
ATTENTION: default value of option mesa_glthread overridden by environment.
1650739688330	Marionette	INFO	Marionette enabled
JavaScript error: resource://gre/modules/AsyncShutdown.jsm, line 575: NotFoundError: No such JSWindowActor 'DevToolsFrame'
JavaScript error: resource://gre/modules/AsyncShutdown.jsm, line 575: NotFoundError: No such JSWindowActor 'DevToolsFrame'
JavaScript error: resource://gre/modules/AsyncShutdown.jsm, line 575: NotFoundError: No such JSWindowActor 'DevToolsFrame'
1650739688748	Marionette	INFO	Stopped listening on port 36483
JavaScript error: chrome://remote/content/marionette/cert.js, line 55: NS_ERROR_NOT_AVAILABLE: Component returned failure code: 0x80040111 (NS_ERROR_NOT_AVAILABLE) [nsICertOverrideService.setDisableAllSecurityChecksAndLetAttackersInterceptMyData]
console.warn: SearchSettings: "get: No settings file exists, new profile?" (new NotFoundError("Could not open the file at /tmp/rust_mozprofileHobD2o/search.json.mozlz4", (void 0)))

###!!! [Parent][PImageBridgeParent] Error: RunMessage(msgname=PImageBridge::Msg_WillClose) Channel closing: too late to send/recv, messages will be lost

DevTools listening on ws://localhost:55299/devtools/browser/91de2fe4-29ff-4604-a711-773cb2d41cad
1650739689860	Marionette	INFO	Listening on port 45299
Read port: 45299
1650739689972	RemoteAgent	WARN	TLS certificate errors will be ignored for this session
JavaScript error: resource://devtools/client/shared/source-map/index.js, line 189: Error: Line numbers must be >= 1
JavaScript error: resource://devtools/client/shared/source-map/index.js, line 189: Error: Line numbers must be >= 1
JavaScript error: resource://devtools/client/shared/source-map/index.js, line 189: Error: Line numbers must be >= 1
JavaScript error: resource://devtools/client/shared/source-map/index.js, line 189: Error: Line numbers must be >= 1
JavaScript error: resource://devtools/client/shared/source-map/index.js, line 189: Error: Line numbers must be >= 1
JavaScript error: resource://devtools/client/shared/source-map/index.js, line 189: Error: Line numbers must be >= 1
JavaScript error: resource://devtools/client/shared/source-map/index.js, line 189: Error: Line numbers must be >= 1
JavaScript error: resource://devtools/client/shared/source-map/index.js, line 189: Error: Line numbers must be >= 1
JavaScript error: resource://devtools/client/shared/source-map/index.js, line 189: Error: Line numbers must be >= 1
JavaScript error: resource://devtools/client/shared/source-map/index.js, line 189: Error: Line numbers must be >= 1
JavaScript error: resource://devtools/client/shared/source-map/index.js, line 189: Error: Line numbers must be >= 1
JavaScript error: resource://devtools/client/shared/source-map/index.js, line 189: Error: Line numbers must be >= 1
JavaScript error: resource://devtools/client/shared/source-map/index.js, line 189: Error: Line numbers must be >= 1
JavaScript error: resource://devtools/client/shared/source-map/index.js, line 189: Error: Line numbers must be >= 1
JavaScript error: resource://devtools/client/shared/source-map/index.js, line 189: Error: Line numbers must be >= 1
JavaScript error: resource://devtools/client/shared/source-map/index.js, line 189: Error: Line numbers must be >= 1
JavaScript error: resource://devtools/client/shared/source-map/index.js, line 189: Error: Line numbers must be >= 1
JavaScript error: resource://devtools/client/shared/source-map/index.js, line 189: Error: Line numbers must be >= 1
JavaScript error: resource://devtools/client/shared/source-map/index.js, line 189: Error: Line numbers must be >= 1
JavaScript error: resource://devtools/client/shared/source-map/index.js, line 189: Error: Line numbers must be >= 1
JavaScript error: resource://devtools/client/shared/source-map/index.js, line 189: Error: Line numbers must be >= 1
JavaScript error: resource://devtools/client/shared/source-map/index.js, line 189: Error: Line numbers must be >= 1
JavaScript error: resource://devtools/client/shared/source-map/index.js, line 189: Error: Line numbers must be >= 1
JavaScript error: resource://devtools/client/shared/source-map/index.js, line 189: Error: Line numbers must be >= 1
JavaScript error: resource://devtools/client/shared/source-map/index.js, line 189: Error: Line numbers must be >= 1
JavaScript error: resource://devtools/client/shared/source-map/index.js, line 189: Error: Line numbers must be >= 1
JavaScript error: resource://devtools/client/shared/source-map/index.js, line 189: Error: Line numbers must be >= 1
JavaScript error: resource://devtools/client/shared/source-map/index.js, line 189: Error: Line numbers must be >= 1
1650739797445	geckodriver	INFO	Listening on 127.0.0.1:35621
1650739797450	mozrunner::runner	INFO	Running command: "/usr/bin/firefox" "--marionette" "--remote-debugging-port" "41255" "--remote-allow-hosts" "localhost" "-no-remote" "-profile" "/tmp/rust_mozprofilezz6VTz"
ATTENTION: default value of option mesa_glthread overridden by environment.
ATTENTION: default value of option mesa_glthread overridden by environment.
1650739798209	Marionette	INFO	Marionette enabled
console.warn: SearchSettings: "get: No settings file exists, new profile?" (new NotFoundError("Could not open the file at /tmp/rust_mozprofilezz6VTz/search.json.mozlz4", (void 0)))
DevTools listening on ws://localhost:41255/devtools/browser/bc5b5a85-3321-4231-b43b-2369791b478c
1650739799434	Marionette	INFO	Listening on port 38649
Read port: 38649
1650739799465	RemoteAgent	WARN	TLS certificate errors will be ignored for this session
JavaScript error: resource://gre/modules/AsyncShutdown.jsm, line 575: NotFoundError: No such JSWindowActor 'DevToolsFrame'
JavaScript error: resource://gre/modules/AsyncShutdown.jsm, line 575: NotFoundError: No such JSWindowActor 'DevToolsFrame'
JavaScript error: resource://gre/modules/AsyncShutdown.jsm, line 575: NotFoundError: No such JSWindowActor 'DevToolsFrame'
1650739811071	Marionette	INFO	Stopped listening on port 45299
console.warn: TopSitesFeed: Failed to fetch data from Contile server: NetworkError when attempting to fetch resource.

###!!! [Parent][PImageBridgeParent] Error: RunMessage(msgname=PImageBridge::Msg_WillClose) Channel closing: too late to send/recv, messages will be lost

1650739865828	geckodriver	INFO	Listening on 127.0.0.1:45011
1650739865833	mozrunner::runner	INFO	Running command: "/usr/bin/firefox" "--marionette" "--remote-debugging-port" "37391" "--remote-allow-hosts" "localhost" "-no-remote" "-profile" "/tmp/rust_mozprofilekmmH04"
ATTENTION: default value of option mesa_glthread overridden by environment.
ATTENTION: default value of option mesa_glthread overridden by environment.
1650739866554	Marionette	INFO	Marionette enabled
console.warn: SearchSettings: "get: No settings file exists, new profile?" (new NotFoundError("Could not open the file at /tmp/rust_mozprofilekmmH04/search.json.mozlz4", (void 0)))
DevTools listening on ws://localhost:37391/devtools/browser/2b39c3ba-6cf4-4049-9e66-9900c170da8e
1650739867968	Marionette	INFO	Listening on port 35409
Read port: 35409
1650739868048	RemoteAgent	WARN	TLS certificate errors will be ignored for this session
1650740006244	geckodriver	INFO	Listening on 127.0.0.1:45127
1650740006249	mozrunner::runner	INFO	Running command: "/usr/bin/firefox" "--marionette" "--remote-debugging-port" "41711" "--remote-allow-hosts" "localhost" "-no-remote" "-profile" "/tmp/rust_mozprofilepfgbpz"
ATTENTION: default value of option mesa_glthread overridden by environment.
ATTENTION: default value of option mesa_glthread overridden by environment.
1650740006941	Marionette	INFO	Marionette enabled
console.warn: SearchSettings: "get: No settings file exists, new profile?" (new NotFoundError("Could not open the file at /tmp/rust_mozprofilepfgbpz/search.json.mozlz4", (void 0)))
DevTools listening on ws://localhost:41711/devtools/browser/375377de-c6ca-437b-9d19-3398747c3957
1650740008350	Marionette	INFO	Listening on port 39187
Read port: 39187
1650740008371	RemoteAgent	WARN	TLS certificate errors will be ignored for this session
1650740158286	geckodriver	INFO	Listening on 127.0.0.1:58091
1650740158292	mozrunner::runner	INFO	Running command: "/usr/bin/firefox" "--marionette" "--remote-debugging-port" "45073" "--remote-allow-hosts" "localhost" "-no-remote" "-profile" "/tmp/rust_mozprofilevClCZx"
ATTENTION: default value of option mesa_glthread overridden by environment.
ATTENTION: default value of option mesa_glthread overridden by environment.
1650740158975	Marionette	INFO	Marionette enabled
console.warn: SearchSettings: "get: No settings file exists, new profile?" (new NotFoundError("Could not open the file at /tmp/rust_mozprofilevClCZx/search.json.mozlz4", (void 0)))
DevTools listening on ws://localhost:45073/devtools/browser/6113a8c3-b25a-4fcb-937a-804b9ee0831e
1650740160498	Marionette	INFO	Listening on port 41495
Read port: 41495
1650740160606	RemoteAgent	WARN	TLS certificate errors will be ignored for this session
1650740193047	geckodriver	INFO	Listening on 127.0.0.1:52961
1650740193557	mozrunner::runner	INFO	Running command: "/usr/bin/firefox" "--marionette" "--remote-debugging-port" "44909" "--remote-allow-hosts" "localhost" "-no-remote" "-profile" "/tmp/rust_mozprofileIoh9Fb"
ATTENTION: default value of option mesa_glthread overridden by environment.
ATTENTION: default value of option mesa_glthread overridden by environment.
1650740194297	Marionette	INFO	Marionette enabled
console.warn: SearchSettings: "get: No settings file exists, new profile?" (new NotFoundError("Could not open the file at /tmp/rust_mozprofileIoh9Fb/search.json.mozlz4", (void 0)))
DevTools listening on ws://localhost:44909/devtools/browser/a574036a-b293-4393-b020-2fbf842ec8c0
1650740196238	Marionette	INFO	Listening on port 45701
Read port: 45701
1650740196281	RemoteAgent	WARN	TLS certificate errors will be ignored for this session
1650740206705	Marionette	INFO	Stopped listening on port 38295
console.warn: TopSitesFeed: Failed to fetch data from Contile server: NetworkError when attempting to fetch resource.
JavaScript error: chrome://remote/content/marionette/cert.js, line 55: NS_ERROR_NOT_AVAILABLE: Component returned failure code: 0x80040111 (NS_ERROR_NOT_AVAILABLE) [nsICertOverrideService.setDisableAllSecurityChecksAndLetAttackersInterceptMyData]

###!!! [Parent][PImageBridgeParent] Error: RunMessage(msgname=PImageBridge::Msg_WillClose) Channel closing: too late to send/recv, messages will be lost

1650740208257	Marionette	INFO	Stopped listening on port 38649
console.warn: TopSitesFeed: Failed to fetch data from Contile server: NetworkError when attempting to fetch resource.
JavaScript error: chrome://remote/content/marionette/cert.js, line 55: NS_ERROR_NOT_AVAILABLE: Component returned failure code: 0x80040111 (NS_ERROR_NOT_AVAILABLE) [nsICertOverrideService.setDisableAllSecurityChecksAndLetAttackersInterceptMyData]

###!!! [Parent][PImageBridgeParent] Error: RunMessage(msgname=PImageBridge::Msg_WillClose) Channel closing: too late to send/recv, messages will be lost

1650740209606	Marionette	INFO	Stopped listening on port 35409
console.warn: TopSitesFeed: Failed to fetch data from Contile server: NetworkError when attempting to fetch resource.
JavaScript error: chrome://remote/content/marionette/cert.js, line 55: NS_ERROR_NOT_AVAILABLE: Component returned failure code: 0x80040111 (NS_ERROR_NOT_AVAILABLE) [nsICertOverrideService.setDisableAllSecurityChecksAndLetAttackersInterceptMyData]

###!!! [Parent][PImageBridgeParent] Error: RunMessage(msgname=PImageBridge::Msg_WillClose) Channel closing: too late to send/recv, messages will be lost

1650740210827	Marionette	INFO	Stopped listening on port 39187
console.warn: TopSitesFeed: Failed to fetch data from Contile server: NetworkError when attempting to fetch resource.
JavaScript error: chrome://remote/content/marionette/cert.js, line 55: NS_ERROR_NOT_AVAILABLE: Component returned failure code: 0x80040111 (NS_ERROR_NOT_AVAILABLE) [nsICertOverrideService.setDisableAllSecurityChecksAndLetAttackersInterceptMyData]

###!!! [Parent][PImageBridgeParent] Error: RunMessage(msgname=PImageBridge::Msg_WillClose) Channel closing: too late to send/recv, messages will be lost

1650740212137	Marionette	INFO	Stopped listening on port 41495
console.warn: TopSitesFeed: Failed to fetch data from Contile server: NetworkError when attempting to fetch resource.

###!!! [Parent][PImageBridgeParent] Error: RunMessage(msgname=PImageBridge::Msg_WillClose) Channel closing: too late to send/recv, messages will be lost

JavaScript error: resource://gre/modules/AsyncShutdown.jsm, line 575: NotFoundError: No such JSWindowActor 'DevToolsFrame'
JavaScript error: resource://gre/modules/AsyncShutdown.jsm, line 575: NotFoundError: No such JSWindowActor 'DevToolsFrame'
JavaScript error: resource://gre/modules/AsyncShutdown.jsm, line 575: NotFoundError: No such JSWindowActor 'DevToolsFrame'
1650740263576	Marionette	INFO	Stopped listening on port 45701
JavaScript error: chrome://remote/content/marionette/cert.js, line 55: NS_ERROR_NOT_AVAILABLE: Component returned failure code: 0x80040111 (NS_ERROR_NOT_AVAILABLE) [nsICertOverrideService.setDisableAllSecurityChecksAndLetAttackersInterceptMyData]

###!!! [Parent][PImageBridgeParent] Error: RunMessage(msgname=PImageBridge::Msg_WillClose) Channel closing: too late to send/recv, messages will be lost

1650740265334	geckodriver	INFO	Listening on 127.0.0.1:46475
1650740265338	mozrunner::runner	INFO	Running command: "/usr/bin/firefox" "--marionette" "--remote-debugging-port" "44445" "--remote-allow-hosts" "localhost" "-no-remote" "-profile" "/tmp/rust_mozprofileX6RGN3"
ATTENTION: default value of option mesa_glthread overridden by environment.
ATTENTION: default value of option mesa_glthread overridden by environment.
1650740266050	Marionette	INFO	Marionette enabled
console.warn: SearchSettings: "get: No settings file exists, new profile?" (new NotFoundError("Could not open the file at /tmp/rust_mozprofileX6RGN3/search.json.mozlz4", (void 0)))
DevTools listening on ws://localhost:44445/devtools/browser/d929f2b8-d0de-4f0c-8ac4-59a951b06d6a
1650740267399	Marionette	INFO	Listening on port 41119
Read port: 41119
1650740267463	RemoteAgent	WARN	TLS certificate errors will be ignored for this session
1650740310576	Marionette	INFO	Stopped listening on port 41119
console.warn: TopSitesFeed: Failed to fetch data from Contile server: NetworkError when attempting to fetch resource.
JavaScript error: chrome://remote/content/marionette/cert.js, line 55: NS_ERROR_NOT_AVAILABLE: Component returned failure code: 0x80040111 (NS_ERROR_NOT_AVAILABLE) [nsICertOverrideService.setDisableAllSecurityChecksAndLetAttackersInterceptMyData]

###!!! [Parent][PImageBridgeParent] Error: RunMessage(msgname=PImageBridge::Msg_WillClose) Channel closing: too late to send/recv, messages will be lost

1650740314542	geckodriver	INFO	Listening on 127.0.0.1:60961
1650740314547	mozrunner::runner	INFO	Running command: "/usr/bin/firefox" "--marionette" "--remote-debugging-port" "34415" "--remote-allow-hosts" "localhost" "-no-remote" "-profile" "/tmp/rust_mozprofilecM1Q4Q"
ATTENTION: default value of option mesa_glthread overridden by environment.
ATTENTION: default value of option mesa_glthread overridden by environment.
1650740315240	Marionette	INFO	Marionette enabled
console.warn: SearchSettings: "get: No settings file exists, new profile?" (new NotFoundError("Could not open the file at /tmp/rust_mozprofilecM1Q4Q/search.json.mozlz4", (void 0)))
DevTools listening on ws://localhost:34415/devtools/browser/0c5ec087-1f8d-49b7-8d2d-729296bdf56d
1650740316520	Marionette	INFO	Listening on port 45647
Read port: 45647
1650740316572	RemoteAgent	WARN	TLS certificate errors will be ignored for this session
1650740359698	geckodriver	INFO	Listening on 127.0.0.1:42215
1650740359702	mozrunner::runner	INFO	Running command: "/usr/bin/firefox" "--marionette" "--remote-debugging-port" "51783" "--remote-allow-hosts" "localhost" "-no-remote" "-profile" "/tmp/rust_mozprofileCF3mE1"
ATTENTION: default value of option mesa_glthread overridden by environment.
ATTENTION: default value of option mesa_glthread overridden by environment.
1650740360423	Marionette	INFO	Marionette enabled
console.warn: SearchSettings: "get: No settings file exists, new profile?" (new NotFoundError("Could not open the file at /tmp/rust_mozprofileCF3mE1/search.json.mozlz4", (void 0)))
DevTools listening on ws://localhost:51783/devtools/browser/eca1374b-7b23-47f4-bd4f-5ceb2b5dffac
1650740361679	Marionette	INFO	Listening on port 35761
Read port: 35761
1650740361719	RemoteAgent	WARN	TLS certificate errors will be ignored for this session
1650740372107	geckodriver	INFO	Listening on 127.0.0.1:57489
1650740372618	mozrunner::runner	INFO	Running command: "/usr/bin/firefox" "--marionette" "--remote-debugging-port" "35199" "--remote-allow-hosts" "localhost" "-no-remote" "-profile" "/tmp/rust_mozprofilekSwvhH"
ATTENTION: default value of option mesa_glthread overridden by environment.
ATTENTION: default value of option mesa_glthread overridden by environment.
1650740373391	Marionette	INFO	Marionette enabled
console.warn: SearchSettings: "get: No settings file exists, new profile?" (new NotFoundError("Could not open the file at /tmp/rust_mozprofilekSwvhH/search.json.mozlz4", (void 0)))
DevTools listening on ws://localhost:35199/devtools/browser/8f7cbf3d-8f6b-489f-8a47-05cefd2b8fb6
1650740374676	Marionette	INFO	Listening on port 45361
Read port: 45361
1650740374740	RemoteAgent	WARN	TLS certificate errors will be ignored for this session
1650740405800	Marionette	INFO	Stopped listening on port 45361
console.warn: TopSitesFeed: Failed to fetch data from Contile server: NetworkError when attempting to fetch resource.
JavaScript error: chrome://remote/content/marionette/cert.js, line 55: NS_ERROR_NOT_AVAILABLE: Component returned failure code: 0x80040111 (NS_ERROR_NOT_AVAILABLE) [nsICertOverrideService.setDisableAllSecurityChecksAndLetAttackersInterceptMyData]

###!!! [Parent][PImageBridgeParent] Error: RunMessage(msgname=PImageBridge::Msg_WillClose) Channel closing: too late to send/recv, messages will be lost

1650740407013	Marionette	INFO	Stopped listening on port 35761
console.warn: TopSitesFeed: Failed to fetch data from Contile server: NetworkError when attempting to fetch resource.
JavaScript error: resource://gre/modules/AsyncShutdown.jsm, line 575: NotFoundError: No such JSWindowActor 'DevToolsFrame'
JavaScript error: resource://gre/modules/AsyncShutdown.jsm, line 575: NotFoundError: No such JSWindowActor 'DevToolsFrame'
JavaScript error: resource://gre/modules/AsyncShutdown.jsm, line 575: NotFoundError: No such JSWindowActor 'DevToolsFrame'
1650740408220	Marionette	INFO	Stopped listening on port 45647

###!!! [Parent][PImageBridgeParent] Error: RunMessage(msgname=PImageBridge::Msg_WillClose) Channel closing: too late to send/recv, messages will be lost

1650740426565	geckodriver	INFO	Listening on 127.0.0.1:39745
1650740427072	mozrunner::runner	INFO	Running command: "/usr/bin/firefox" "--marionette" "--remote-debugging-port" "52655" "--remote-allow-hosts" "localhost" "-no-remote" "-profile" "/tmp/rust_mozprofilevIiiQY"
ATTENTION: default value of option mesa_glthread overridden by environment.
ATTENTION: default value of option mesa_glthread overridden by environment.
1650740427879	Marionette	INFO	Marionette enabled
console.warn: SearchSettings: "get: No settings file exists, new profile?" (new NotFoundError("Could not open the file at /tmp/rust_mozprofilevIiiQY/search.json.mozlz4", (void 0)))
DevTools listening on ws://localhost:52655/devtools/browser/daa519ff-2c8c-499b-86d3-a2a947ca6cc5
1650740429200	Marionette	INFO	Listening on port 36005
Read port: 36005
1650740429296	RemoteAgent	WARN	TLS certificate errors will be ignored for this session
1650740480485	geckodriver	INFO	Listening on 127.0.0.1:40227
1650740480989	mozrunner::runner	INFO	Running command: "/usr/bin/firefox" "--marionette" "--remote-debugging-port" "50597" "--remote-allow-hosts" "localhost" "-no-remote" "-profile" "/tmp/rust_mozprofileMgk3LK"
ATTENTION: default value of option mesa_glthread overridden by environment.
ATTENTION: default value of option mesa_glthread overridden by environment.
1650740481713	Marionette	INFO	Marionette enabled
console.warn: SearchSettings: "get: No settings file exists, new profile?" (new NotFoundError("Could not open the file at /tmp/rust_mozprofileMgk3LK/search.json.mozlz4", (void 0)))
DevTools listening on ws://localhost:50597/devtools/browser/ae43b7f8-6562-4e1f-83b1-8207d63b5db1
1650740482993	Marionette	INFO	Listening on port 45967
Read port: 45967
1650740483116	RemoteAgent	WARN	TLS certificate errors will be ignored for this session
1650740951101	geckodriver	INFO	Listening on 127.0.0.1:43417
1650740951106	mozrunner::runner	INFO	Running command: "/usr/bin/firefox" "--marionette" "--remote-debugging-port" "41689" "--remote-allow-hosts" "localhost" "-no-remote" "-profile" "/tmp/rust_mozprofileXZO6C3"
ATTENTION: default value of option mesa_glthread overridden by environment.
ATTENTION: default value of option mesa_glthread overridden by environment.
1650740951824	Marionette	INFO	Marionette enabled
console.warn: SearchSettings: "get: No settings file exists, new profile?" (new NotFoundError("Could not open the file at /tmp/rust_mozprofileXZO6C3/search.json.mozlz4", (void 0)))
DevTools listening on ws://localhost:41689/devtools/browser/78f63b97-9a2c-4c37-9216-aedc6479c358
1650740952985	Marionette	INFO	Listening on port 43779
Read port: 43779
1650740953048	RemoteAgent	WARN	TLS certificate errors will be ignored for this session
1650740997121	geckodriver	INFO	Listening on 127.0.0.1:56881
1650740997629	mozrunner::runner	INFO	Running command: "/usr/bin/firefox" "--marionette" "--remote-debugging-port" "59023" "--remote-allow-hosts" "localhost" "-no-remote" "-profile" "/tmp/rust_mozprofile8zm4Xg"
ATTENTION: default value of option mesa_glthread overridden by environment.
ATTENTION: default value of option mesa_glthread overridden by environment.
1650740998380	Marionette	INFO	Marionette enabled
console.warn: SearchSettings: "get: No settings file exists, new profile?" (new NotFoundError("Could not open the file at /tmp/rust_mozprofile8zm4Xg/search.json.mozlz4", (void 0)))
DevTools listening on ws://localhost:59023/devtools/browser/a8935e7b-f3e5-4206-ba47-8fd2ad9e897d
1650740999517	Marionette	INFO	Listening on port 37107
Read port: 37107
1650740999545	RemoteAgent	WARN	TLS certificate errors will be ignored for this session
1650741007818	Marionette	INFO	Stopped listening on port 43779
console.warn: TopSitesFeed: Failed to fetch data from Contile server: NetworkError when attempting to fetch resource.
JavaScript error: chrome://remote/content/marionette/cert.js, line 55: NS_ERROR_NOT_AVAILABLE: Component returned failure code: 0x80040111 (NS_ERROR_NOT_AVAILABLE) [nsICertOverrideService.setDisableAllSecurityChecksAndLetAttackersInterceptMyData]

###!!! [Parent][PImageBridgeParent] Error: RunMessage(msgname=PImageBridge::Msg_WillClose) Channel closing: too late to send/recv, messages will be lost

1650741009208	Marionette	INFO	Stopped listening on port 45967
console.warn: TopSitesFeed: Failed to fetch data from Contile server: NetworkError when attempting to fetch resource.
JavaScript error: chrome://remote/content/marionette/cert.js, line 55: NS_ERROR_NOT_AVAILABLE: Component returned failure code: 0x80040111 (NS_ERROR_NOT_AVAILABLE) [nsICertOverrideService.setDisableAllSecurityChecksAndLetAttackersInterceptMyData]

###!!! [Parent][PImageBridgeParent] Error: RunMessage(msgname=PImageBridge::Msg_WillClose) Channel closing: too late to send/recv, messages will be lost

JavaScript error: resource://gre/modules/AsyncShutdown.jsm, line 575: NotFoundError: No such JSWindowActor 'DevToolsFrame'
JavaScript error: resource://gre/modules/AsyncShutdown.jsm, line 575: NotFoundError: No such JSWindowActor 'DevToolsFrame'
JavaScript error: resource://gre/modules/AsyncShutdown.jsm, line 575: NotFoundError: No such JSWindowActor 'DevToolsFrame'
1650741010411	Marionette	INFO	Stopped listening on port 36005

###!!! [Parent][PImageBridgeParent] Error: RunMessage(msgname=PImageBridge::Msg_WillClose) Channel closing: too late to send/recv, messages will be lost

1650741729168	geckodriver	INFO	Listening on 127.0.0.1:58457
1650741729174	mozrunner::runner	INFO	Running command: "/usr/bin/firefox" "--marionette" "--remote-debugging-port" "37273" "--remote-allow-hosts" "localhost" "-no-remote" "-profile" "/tmp/rust_mozprofilenOrtQS"
ATTENTION: default value of option mesa_glthread overridden by environment.
ATTENTION: default value of option mesa_glthread overridden by environment.
1650741729888	Marionette	INFO	Marionette enabled
console.warn: SearchSettings: "get: No settings file exists, new profile?" (new NotFoundError("Could not open the file at /tmp/rust_mozprofilenOrtQS/search.json.mozlz4", (void 0)))
DevTools listening on ws://localhost:37273/devtools/browser/3a72cee5-2402-4aad-9178-24a67def746e
1650741731365	Marionette	INFO	Listening on port 45607
Read port: 45607
1650741731389	RemoteAgent	WARN	TLS certificate errors will be ignored for this session
Exiting due to channel error.
Exiting due to channel error.
Exiting due to channel error.
Exiting due to channel error.
Exiting due to channel error.
Exiting due to channel error.
1650744472626	geckodriver	INFO	Listening on 127.0.0.1:46979
1650744473134	mozrunner::runner	INFO	Running command: "/usr/bin/firefox" "--marionette" "--remote-debugging-port" "57991" "--remote-allow-hosts" "localhost" "-no-remote" "-profile" "/tmp/rust_mozprofileYiLdQw"
ATTENTION: default value of option mesa_glthread overridden by environment.
ATTENTION: default value of option mesa_glthread overridden by environment.
1650744473909	Marionette	INFO	Marionette enabled
console.warn: SearchSettings: "get: No settings file exists, new profile?" (new NotFoundError("Could not open the file at /tmp/rust_mozprofileYiLdQw/search.json.mozlz4", (void 0)))
DevTools listening on ws://localhost:57991/devtools/browser/9e82757b-616e-44c4-a0b5-12cf7b222e8c
1650744475003	Marionette	INFO	Listening on port 37709
Read port: 37709
1650744475048	RemoteAgent	WARN	TLS certificate errors will be ignored for this session
1650744528641	geckodriver	INFO	Listening on 127.0.0.1:37689
1650744528647	mozrunner::runner	INFO	Running command: "/usr/bin/firefox" "--marionette" "--remote-debugging-port" "38901" "--remote-allow-hosts" "localhost" "-no-remote" "-profile" "/tmp/rust_mozprofile1zXY0o"
ATTENTION: default value of option mesa_glthread overridden by environment.
ATTENTION: default value of option mesa_glthread overridden by environment.
1650744529347	Marionette	INFO	Marionette enabled
console.warn: SearchSettings: "get: No settings file exists, new profile?" (new NotFoundError("Could not open the file at /tmp/rust_mozprofile1zXY0o/search.json.mozlz4", (void 0)))
DevTools listening on ws://localhost:38901/devtools/browser/e7aa65c8-8de6-4b05-8d54-93080e985a08
1650744530606	Marionette	INFO	Listening on port 42565
Read port: 42565
1650744530668	RemoteAgent	WARN	TLS certificate errors will be ignored for this session
1650744597912	Marionette	INFO	Stopped listening on port 42565
console.warn: TopSitesFeed: Failed to fetch data from Contile server: NetworkError when attempting to fetch resource.
JavaScript error: chrome://remote/content/marionette/cert.js, line 55: NS_ERROR_NOT_AVAILABLE: Component returned failure code: 0x80040111 (NS_ERROR_NOT_AVAILABLE) [nsICertOverrideService.setDisableAllSecurityChecksAndLetAttackersInterceptMyData]
1650744598801	Marionette	INFO	Stopped listening on port 37709
console.warn: TopSitesFeed: Failed to fetch data from Contile server: NetworkError when attempting to fetch resource.
JavaScript error: chrome://remote/content/marionette/cert.js, line 55: NS_ERROR_NOT_AVAILABLE: Component returned failure code: 0x80040111 (NS_ERROR_NOT_AVAILABLE) [nsICertOverrideService.setDisableAllSecurityChecksAndLetAttackersInterceptMyData]

###!!! [Parent][PImageBridgeParent] Error: RunMessage(msgname=PImageBridge::Msg_WillClose) Channel closing: too late to send/recv, messages will be lost

1650744600532	geckodriver	INFO	Listening on 127.0.0.1:59461
1650744600537	mozrunner::runner	INFO	Running command: "/usr/bin/firefox" "--marionette" "--remote-debugging-port" "45485" "--remote-allow-hosts" "localhost" "-no-remote" "-profile" "/tmp/rust_mozprofilebk5hi8"
ATTENTION: default value of option mesa_glthread overridden by environment.
ATTENTION: default value of option mesa_glthread overridden by environment.
1650744601209	Marionette	INFO	Marionette enabled
console.warn: SearchSettings: "get: No settings file exists, new profile?" (new NotFoundError("Could not open the file at /tmp/rust_mozprofilebk5hi8/search.json.mozlz4", (void 0)))
DevTools listening on ws://localhost:45485/devtools/browser/d0fb6fe5-be49-46f4-8534-61de62fd0d1b
1650744602430	Marionette	INFO	Listening on port 33569
Read port: 33569
1650744602451	RemoteAgent	WARN	TLS certificate errors will be ignored for this session
1650744658786	Marionette	INFO	Stopped listening on port 33569

###!!! [Parent][PImageBridgeParent] Error: RunMessage(msgname=PImageBridge::Msg_WillClose) Channel closing: too late to send/recv, messages will be lost

1650744691576	geckodriver	INFO	Listening on 127.0.0.1:35479
1650744692086	mozrunner::runner	INFO	Running command: "/usr/bin/firefox" "--marionette" "--remote-debugging-port" "51917" "--remote-allow-hosts" "localhost" "-no-remote" "-profile" "/tmp/rust_mozprofileO7UdRW"
ATTENTION: default value of option mesa_glthread overridden by environment.
ATTENTION: default value of option mesa_glthread overridden by environment.
1650744692816	Marionette	INFO	Marionette enabled
console.warn: SearchSettings: "get: No settings file exists, new profile?" (new NotFoundError("Could not open the file at /tmp/rust_mozprofileO7UdRW/search.json.mozlz4", (void 0)))
DevTools listening on ws://localhost:51917/devtools/browser/1cd695c8-c59b-47bd-97ab-ddc30a8f468f
1650744694024	Marionette	INFO	Listening on port 45757
Read port: 45757
1650744694099	RemoteAgent	WARN	TLS certificate errors will be ignored for this session
1650744709611	Marionette	INFO	Stopped listening on port 45757
1650744768914	geckodriver	INFO	Listening on 127.0.0.1:43271
1650744768919	mozrunner::runner	INFO	Running command: "/usr/bin/firefox" "--marionette" "--remote-debugging-port" "39457" "--remote-allow-hosts" "localhost" "-no-remote" "-profile" "/tmp/rust_mozprofilepXs5wK"
ATTENTION: default value of option mesa_glthread overridden by environment.
ATTENTION: default value of option mesa_glthread overridden by environment.
1650744769641	Marionette	INFO	Marionette enabled
console.warn: SearchSettings: "get: No settings file exists, new profile?" (new NotFoundError("Could not open the file at /tmp/rust_mozprofilepXs5wK/search.json.mozlz4", (void 0)))
DevTools listening on ws://localhost:39457/devtools/browser/5c806f80-456f-43ef-ba4c-2c03509c01bf
1650744770921	Marionette	INFO	Listening on port 45767
Read port: 45767
1650744771036	RemoteAgent	WARN	TLS certificate errors will be ignored for this session
1650744835996	geckodriver	INFO	Listening on 127.0.0.1:36441
1650744836000	mozrunner::runner	INFO	Running command: "/usr/bin/firefox" "--marionette" "--remote-debugging-port" "47817" "--remote-allow-hosts" "localhost" "-no-remote" "-profile" "/tmp/rust_mozprofileuzPWh4"
ATTENTION: default value of option mesa_glthread overridden by environment.
ATTENTION: default value of option mesa_glthread overridden by environment.
1650744836698	Marionette	INFO	Marionette enabled
console.warn: SearchSettings: "get: No settings file exists, new profile?" (new NotFoundError("Could not open the file at /tmp/rust_mozprofileuzPWh4/search.json.mozlz4", (void 0)))
DevTools listening on ws://localhost:47817/devtools/browser/a4a479d7-e134-44fa-a1f3-fd96f571c6ae
1650744837824	Marionette	INFO	Listening on port 40127
Read port: 40127
1650744837914	RemoteAgent	WARN	TLS certificate errors will be ignored for this session
1650744896997	geckodriver	INFO	Listening on 127.0.0.1:54735
1650744897001	mozrunner::runner	INFO	Running command: "/usr/bin/firefox" "--marionette" "--remote-debugging-port" "34565" "--remote-allow-hosts" "localhost" "-no-remote" "-profile" "/tmp/rust_mozprofile29Z7Wq"
ATTENTION: default value of option mesa_glthread overridden by environment.
ATTENTION: default value of option mesa_glthread overridden by environment.
1650744897690	Marionette	INFO	Marionette enabled
console.warn: SearchSettings: "get: No settings file exists, new profile?" (new NotFoundError("Could not open the file at /tmp/rust_mozprofile29Z7Wq/search.json.mozlz4", (void 0)))
DevTools listening on ws://localhost:34565/devtools/browser/338a1e2c-68dd-4dd7-9217-5dfa66699099
1650744898881	Marionette	INFO	Listening on port 41209
Read port: 41209
1650744898915	RemoteAgent	WARN	TLS certificate errors will be ignored for this session
1650744909454	Marionette	INFO	Stopped listening on port 41209
1650744961014	geckodriver	INFO	Listening on 127.0.0.1:60437
1650744961019	mozrunner::runner	INFO	Running command: "/usr/bin/firefox" "--marionette" "--remote-debugging-port" "56947" "--remote-allow-hosts" "localhost" "-no-remote" "-profile" "/tmp/rust_mozprofileGitAZL"
ATTENTION: default value of option mesa_glthread overridden by environment.
ATTENTION: default value of option mesa_glthread overridden by environment.
1650744961744	Marionette	INFO	Marionette enabled
console.warn: SearchSettings: "get: No settings file exists, new profile?" (new NotFoundError("Could not open the file at /tmp/rust_mozprofileGitAZL/search.json.mozlz4", (void 0)))
DevTools listening on ws://localhost:56947/devtools/browser/b4cccfe6-0677-4e9a-a818-c3e9f91cb951
1650744962910	Marionette	INFO	Listening on port 43635
Read port: 43635
1650744962932	RemoteAgent	WARN	TLS certificate errors will be ignored for this session
1650744992633	Marionette	INFO	Stopped listening on port 40127
console.warn: TopSitesFeed: Failed to fetch data from Contile server: NetworkError when attempting to fetch resource.
JavaScript error: chrome://remote/content/marionette/cert.js, line 55: NS_ERROR_NOT_AVAILABLE: Component returned failure code: 0x80040111 (NS_ERROR_NOT_AVAILABLE) [nsICertOverrideService.setDisableAllSecurityChecksAndLetAttackersInterceptMyData]
1650744993891	Marionette	INFO	Stopped listening on port 45767
console.warn: TopSitesFeed: Failed to fetch data from Contile server: NetworkError when attempting to fetch resource.
JavaScript error: chrome://remote/content/marionette/cert.js, line 55: NS_ERROR_NOT_AVAILABLE: Component returned failure code: 0x80040111 (NS_ERROR_NOT_AVAILABLE) [nsICertOverrideService.setDisableAllSecurityChecksAndLetAttackersInterceptMyData]
JavaScript error: https://www.redditstatic.com/desktop2x/Chat~Governance~Reddit.b5e3199343de72f0d8be.js, line 1: TypeError: u.body is null
Exiting due to channel error.
Exiting due to channel error.
Exiting due to channel error.
1650745126445	geckodriver	INFO	Listening on 127.0.0.1:39735
1650745126960	mozrunner::runner	INFO	Running command: "/usr/bin/firefox" "--marionette" "--remote-debugging-port" "54071" "--remote-allow-hosts" "localhost" "-no-remote" "-profile" "/tmp/rust_mozprofile8Ybjdt"
ATTENTION: default value of option mesa_glthread overridden by environment.
ATTENTION: default value of option mesa_glthread overridden by environment.
1650745127721	Marionette	INFO	Marionette enabled
console.warn: SearchSettings: "get: No settings file exists, new profile?" (new NotFoundError("Could not open the file at /tmp/rust_mozprofile8Ybjdt/search.json.mozlz4", (void 0)))
DevTools listening on ws://localhost:54071/devtools/browser/e53ed393-23e9-402d-aed5-53ce04ae9030
1650745128869	Marionette	INFO	Listening on port 42105
Read port: 42105
1650745128977	RemoteAgent	WARN	TLS certificate errors will be ignored for this session
1650745142137	geckodriver	INFO	Listening on 127.0.0.1:35061
1650745142142	mozrunner::runner	INFO	Running command: "/usr/bin/firefox" "--marionette" "--remote-debugging-port" "50831" "--remote-allow-hosts" "localhost" "-no-remote" "-profile" "/tmp/rust_mozprofiledt93qA"
ATTENTION: default value of option mesa_glthread overridden by environment.
ATTENTION: default value of option mesa_glthread overridden by environment.
1650745142847	Marionette	INFO	Marionette enabled
console.warn: SearchSettings: "get: No settings file exists, new profile?" (new NotFoundError("Could not open the file at /tmp/rust_mozprofiledt93qA/search.json.mozlz4", (void 0)))
DevTools listening on ws://localhost:50831/devtools/browser/4c23637a-58ef-4fb9-a1cc-cb9e14a602c8
1650745144398	Marionette	INFO	Listening on port 43003
Read port: 43003
1650745144455	RemoteAgent	WARN	TLS certificate errors will be ignored for this session
1650745144469	Marionette	INFO	Stopped listening on port 43003
1650745147191	Marionette	INFO	Stopped listening on port 42105
console.warn: TopSitesFeed: Failed to fetch data from Contile server: NetworkError when attempting to fetch resource.
1650745159952	geckodriver	INFO	Listening on 127.0.0.1:41255
1650745159957	mozrunner::runner	INFO	Running command: "/usr/bin/firefox" "--marionette" "--remote-debugging-port" "44501" "--remote-allow-hosts" "localhost" "-no-remote" "-profile" "/tmp/rust_mozprofilePYuLlM"
ATTENTION: default value of option mesa_glthread overridden by environment.
ATTENTION: default value of option mesa_glthread overridden by environment.
1650745160618	Marionette	INFO	Marionette enabled
console.warn: SearchSettings: "get: No settings file exists, new profile?" (new NotFoundError("Could not open the file at /tmp/rust_mozprofilePYuLlM/search.json.mozlz4", (void 0)))
DevTools listening on ws://localhost:44501/devtools/browser/16666884-6f1e-40bc-b2df-72427c2dfcaf
1650745161838	Marionette	INFO	Listening on port 40571
Read port: 40571
1650745161870	RemoteAgent	WARN	TLS certificate errors will be ignored for this session
1650745173120	Marionette	INFO	Stopped listening on port 40571
JavaScript error: resource:///modules/PermissionUI.jsm, line 513: TypeError: chromeWin is null

###!!! [Parent][PImageBridgeParent] Error: RunMessage(msgname=PImageBridge::Msg_WillClose) Channel closing: too late to send/recv, messages will be lost

1650745178936	geckodriver	INFO	Listening on 127.0.0.1:41045
1650745178942	mozrunner::runner	INFO	Running command: "/usr/bin/firefox" "--marionette" "--remote-debugging-port" "37105" "--remote-allow-hosts" "localhost" "-no-remote" "-profile" "/tmp/rust_mozprofiley1uuUc"
ATTENTION: default value of option mesa_glthread overridden by environment.
ATTENTION: default value of option mesa_glthread overridden by environment.
1650745179638	Marionette	INFO	Marionette enabled
console.warn: SearchSettings: "get: No settings file exists, new profile?" (new NotFoundError("Could not open the file at /tmp/rust_mozprofiley1uuUc/search.json.mozlz4", (void 0)))
DevTools listening on ws://localhost:37105/devtools/browser/f4421617-5a18-4847-b33e-aeb4dc229116
1650745180801	Marionette	INFO	Listening on port 42747
Read port: 42747
1650745180854	RemoteAgent	WARN	TLS certificate errors will be ignored for this session
1650745191914	Marionette	INFO	Stopped listening on port 42747
JavaScript error: resource://gre/modules/AsyncShutdown.jsm, line 718: Error: Phase "Sqlite.jsm: wait until all connections are closed" is finished, it is too late to register completion condition "protections.sqlite#0: waiting for shutdown"
1650745304714	geckodriver	INFO	Listening on 127.0.0.1:38685
1650745305230	mozrunner::runner	INFO	Running command: "/usr/bin/firefox" "--marionette" "--remote-debugging-port" "36513" "--remote-allow-hosts" "localhost" "-no-remote" "-profile" "/tmp/rust_mozprofileE9dFbB"
ATTENTION: default value of option mesa_glthread overridden by environment.
ATTENTION: default value of option mesa_glthread overridden by environment.
1650745305944	Marionette	INFO	Marionette enabled
console.warn: SearchSettings: "get: No settings file exists, new profile?" (new NotFoundError("Could not open the file at /tmp/rust_mozprofileE9dFbB/search.json.mozlz4", (void 0)))
DevTools listening on ws://localhost:36513/devtools/browser/7bb1ef27-a466-4909-ace5-bcc29105dec9
1650745307094	Marionette	INFO	Listening on port 33033
Read port: 33033
1650745307146	RemoteAgent	WARN	TLS certificate errors will be ignored for this session
1650745359413	geckodriver	INFO	Listening on 127.0.0.1:49805
1650745359417	mozrunner::runner	INFO	Running command: "/usr/bin/firefox" "--marionette" "--remote-debugging-port" "53433" "--remote-allow-hosts" "localhost" "-no-remote" "-profile" "/tmp/rust_mozprofilebjjbEB"
ATTENTION: default value of option mesa_glthread overridden by environment.
ATTENTION: default value of option mesa_glthread overridden by environment.
1650745360104	Marionette	INFO	Marionette enabled
console.warn: SearchSettings: "get: No settings file exists, new profile?" (new NotFoundError("Could not open the file at /tmp/rust_mozprofilebjjbEB/search.json.mozlz4", (void 0)))
DevTools listening on ws://localhost:53433/devtools/browser/e6237a6b-1d70-4cf9-8169-302cfa9d3db9
1650745361350	Marionette	INFO	Listening on port 40197
Read port: 40197
1650745361431	RemoteAgent	WARN	TLS certificate errors will be ignored for this session
1650745381311	geckodriver	INFO	Listening on 127.0.0.1:53959
1650745381316	mozrunner::runner	INFO	Running command: "/usr/bin/firefox" "--marionette" "--remote-debugging-port" "46387" "--remote-allow-hosts" "localhost" "-no-remote" "-profile" "/tmp/rust_mozprofilerCHW1V"
ATTENTION: default value of option mesa_glthread overridden by environment.
ATTENTION: default value of option mesa_glthread overridden by environment.
1650745382008	Marionette	INFO	Marionette enabled
console.warn: SearchSettings: "get: No settings file exists, new profile?" (new NotFoundError("Could not open the file at /tmp/rust_mozprofilerCHW1V/search.json.mozlz4", (void 0)))
DevTools listening on ws://localhost:46387/devtools/browser/fe91c0f3-b867-4ed0-8186-2af3e583addc
1650745383235	Marionette	INFO	Listening on port 45907
Read port: 45907
1650745383329	RemoteAgent	WARN	TLS certificate errors will be ignored for this session
1650745393756	Marionette	INFO	Stopped listening on port 45907
console.warn: TopSitesFeed: Failed to fetch data from Contile server: NetworkError when attempting to fetch resource.
JavaScript error: chrome://remote/content/marionette/cert.js, line 55: NS_ERROR_NOT_AVAILABLE: Component returned failure code: 0x80040111 (NS_ERROR_NOT_AVAILABLE) [nsICertOverrideService.setDisableAllSecurityChecksAndLetAttackersInterceptMyData]

###!!! [Parent][PImageBridgeParent] Error: RunMessage(msgname=PImageBridge::Msg_WillClose) Channel closing: too late to send/recv, messages will be lost

1650745400293	Marionette	INFO	Stopped listening on port 40197
console.warn: TopSitesFeed: Failed to fetch data from Contile server: NetworkError when attempting to fetch resource.

###!!! [Parent][PImageBridgeParent] Error: RunMessage(msgname=PImageBridge::Msg_WillClose) Channel closing: too late to send/recv, messages will be lost

1650745401105	Marionette	INFO	Stopped listening on port 33033
console.warn: TopSitesFeed: Failed to fetch data from Contile server: NetworkError when attempting to fetch resource.
JavaScript error: chrome://remote/content/marionette/cert.js, line 55: NS_ERROR_NOT_AVAILABLE: Component returned failure code: 0x80040111 (NS_ERROR_NOT_AVAILABLE) [nsICertOverrideService.setDisableAllSecurityChecksAndLetAttackersInterceptMyData]
1650745480128	geckodriver	INFO	Listening on 127.0.0.1:52959
1650745480133	mozrunner::runner	INFO	Running command: "/usr/bin/firefox" "--marionette" "--remote-debugging-port" "45409" "--remote-allow-hosts" "localhost" "-no-remote" "-profile" "/tmp/rust_mozprofilep8X4sA"
ATTENTION: default value of option mesa_glthread overridden by environment.
ATTENTION: default value of option mesa_glthread overridden by environment.
1650745480805	Marionette	INFO	Marionette enabled
console.warn: SearchSettings: "get: No settings file exists, new profile?" (new NotFoundError("Could not open the file at /tmp/rust_mozprofilep8X4sA/search.json.mozlz4", (void 0)))
DevTools listening on ws://localhost:45409/devtools/browser/1f577e42-a3b2-476b-812f-b8b38d0524a9
1650745482102	Marionette	INFO	Listening on port 40667
Read port: 40667
1650745482156	RemoteAgent	WARN	TLS certificate errors will be ignored for this session
1650745491945	Marionette	INFO	Stopped listening on port 40667

###!!! [Parent][PImageBridgeParent] Error: RunMessage(msgname=PImageBridge::Msg_WillClose) Channel closing: too late to send/recv, messages will be lost

1650745509274	geckodriver	INFO	Listening on 127.0.0.1:54379
1650745509783	mozrunner::runner	INFO	Running command: "/usr/bin/firefox" "--marionette" "--remote-debugging-port" "52981" "--remote-allow-hosts" "localhost" "-no-remote" "-profile" "/tmp/rust_mozprofileepa0q9"
ATTENTION: default value of option mesa_glthread overridden by environment.
ATTENTION: default value of option mesa_glthread overridden by environment.
1650745510512	Marionette	INFO	Marionette enabled
console.warn: SearchSettings: "get: No settings file exists, new profile?" (new NotFoundError("Could not open the file at /tmp/rust_mozprofileepa0q9/search.json.mozlz4", (void 0)))
DevTools listening on ws://localhost:52981/devtools/browser/91122a6d-1c23-447e-8bf2-a5605a40d5e2
1650745511808	Marionette	INFO	Listening on port 39237
Read port: 39237
1650745511898	RemoteAgent	WARN	TLS certificate errors will be ignored for this session
1650745516943	Marionette	INFO	Stopped listening on port 39237
1650745549732	geckodriver	INFO	Listening on 127.0.0.1:45299
1650745549735	mozrunner::runner	INFO	Running command: "/usr/bin/firefox" "--marionette" "--remote-debugging-port" "57995" "--remote-allow-hosts" "localhost" "-no-remote" "-profile" "/tmp/rust_mozprofileDbJeGy"
ATTENTION: default value of option mesa_glthread overridden by environment.
ATTENTION: default value of option mesa_glthread overridden by environment.
1650745550376	Marionette	INFO	Marionette enabled
console.warn: SearchSettings: "get: No settings file exists, new profile?" (new NotFoundError("Could not open the file at /tmp/rust_mozprofileDbJeGy/search.json.mozlz4", (void 0)))
DevTools listening on ws://localhost:57995/devtools/browser/6a13b0cf-d7c9-490c-ae25-38ba510e8003
1650745551642	Marionette	INFO	Listening on port 33981
Read port: 33981
1650745551759	RemoteAgent	WARN	TLS certificate errors will be ignored for this session
1650745556158	Marionette	INFO	Stopped listening on port 33981
1650745622443	geckodriver	INFO	Listening on 127.0.0.1:33077
1650745622448	mozrunner::runner	INFO	Running command: "/usr/bin/firefox" "--marionette" "--remote-debugging-port" "38565" "--remote-allow-hosts" "localhost" "-no-remote" "-profile" "/tmp/rust_mozprofileagqaMd"
ATTENTION: default value of option mesa_glthread overridden by environment.
ATTENTION: default value of option mesa_glthread overridden by environment.
1650745623167	Marionette	INFO	Marionette enabled
console.warn: SearchSettings: "get: No settings file exists, new profile?" (new NotFoundError("Could not open the file at /tmp/rust_mozprofileagqaMd/search.json.mozlz4", (void 0)))
DevTools listening on ws://localhost:38565/devtools/browser/e3b26612-096f-47e8-8c99-960b91cc4fed
1650745624319	Marionette	INFO	Listening on port 36467
Read port: 36467
1650745624362	RemoteAgent	WARN	TLS certificate errors will be ignored for this session
1650745673136	geckodriver	INFO	Listening on 127.0.0.1:33385
1650745673647	mozrunner::runner	INFO	Running command: "/usr/bin/firefox" "--marionette" "--remote-debugging-port" "59769" "--remote-allow-hosts" "localhost" "-no-remote" "-profile" "/tmp/rust_mozprofilegZ0gdT"
ATTENTION: default value of option mesa_glthread overridden by environment.
ATTENTION: default value of option mesa_glthread overridden by environment.
1650745674420	Marionette	INFO	Marionette enabled
console.warn: SearchSettings: "get: No settings file exists, new profile?" (new NotFoundError("Could not open the file at /tmp/rust_mozprofilegZ0gdT/search.json.mozlz4", (void 0)))
DevTools listening on ws://localhost:59769/devtools/browser/d3a8ef88-2ded-4d4e-ab24-746eab305513
1650745675519	Marionette	INFO	Listening on port 43747
Read port: 43747
1650745675561	RemoteAgent	WARN	TLS certificate errors will be ignored for this session
JavaScript error: https://www.redditstatic.com/desktop2x/Chat~Governance~Reddit.b5e3199343de72f0d8be.js, line 1: TypeError: u.body is null
JavaScript error: https://www.redditstatic.com/desktop2x/Chat~Governance~Reddit.b5e3199343de72f0d8be.js, line 1: TypeError: u.body is null
JavaScript error: https://www.redditstatic.com/desktop2x/Chat~Governance~Reddit.b5e3199343de72f0d8be.js, line 1: TypeError: u.body is null
JavaScript error: https://www.redditstatic.com/desktop2x/Chat~Governance~Reddit.b5e3199343de72f0d8be.js, line 1: TypeError: u.body is null
JavaScript error: https://www.redditstatic.com/desktop2x/Chat~Governance~Reddit.b5e3199343de72f0d8be.js, line 1: TypeError: u.body is null
Exiting due to channel error.
Exiting due to channel error.
Exiting due to channel error.
Exiting due to channel error.
Exiting due to channel error.
Exiting due to channel error.
1650745842399	geckodriver	INFO	Listening on 127.0.0.1:38373
1650745842909	mozrunner::runner	INFO	Running command: "/usr/bin/firefox" "--marionette" "--remote-debugging-port" "51971" "--remote-allow-hosts" "localhost" "-no-remote" "-profile" "/tmp/rust_mozprofileu2lFcw"
ATTENTION: default value of option mesa_glthread overridden by environment.
ATTENTION: default value of option mesa_glthread overridden by environment.
1650745843592	Marionette	INFO	Marionette enabled
console.warn: SearchSettings: "get: No settings file exists, new profile?" (new NotFoundError("Could not open the file at /tmp/rust_mozprofileu2lFcw/search.json.mozlz4", (void 0)))
DevTools listening on ws://localhost:51971/devtools/browser/35c917b2-aeef-494e-9ff4-e9b0ee074b9f
1650745844798	Marionette	INFO	Listening on port 41213
Read port: 41213
1650745844822	RemoteAgent	WARN	TLS certificate errors will be ignored for this session
1650745875287	Marionette	INFO	Stopped listening on port 41213

###!!! [Parent][PImageBridgeParent] Error: RunMessage(msgname=PImageBridge::Msg_WillClose) Channel closing: too late to send/recv, messages will be lost

1650746200054	geckodriver	INFO	Listening on 127.0.0.1:38527
1650746200058	mozrunner::runner	INFO	Running command: "/usr/bin/firefox" "--marionette" "--remote-debugging-port" "39367" "--remote-allow-hosts" "localhost" "-no-remote" "-profile" "/tmp/rust_mozprofileBE4yjY"
ATTENTION: default value of option mesa_glthread overridden by environment.
ATTENTION: default value of option mesa_glthread overridden by environment.
1650746200776	Marionette	INFO	Marionette enabled
console.warn: SearchSettings: "get: No settings file exists, new profile?" (new NotFoundError("Could not open the file at /tmp/rust_mozprofileBE4yjY/search.json.mozlz4", (void 0)))
DevTools listening on ws://localhost:39367/devtools/browser/1404da60-0de1-4ed2-9979-b1e15c9131a5
1650746202024	Marionette	INFO	Listening on port 37287
Read port: 37287
1650746202072	RemoteAgent	WARN	TLS certificate errors will be ignored for this session
Exiting due to channel error.
Exiting due to channel error.
Exiting due to channel error.
1650746264762	geckodriver	INFO	Listening on 127.0.0.1:37741
1650746264766	mozrunner::runner	INFO	Running command: "/usr/bin/firefox" "--marionette" "--remote-debugging-port" "46039" "--remote-allow-hosts" "localhost" "-no-remote" "-profile" "/tmp/rust_mozprofile5vMv2o"
ATTENTION: default value of option mesa_glthread overridden by environment.
ATTENTION: default value of option mesa_glthread overridden by environment.
1650746265479	Marionette	INFO	Marionette enabled
console.warn: SearchSettings: "get: No settings file exists, new profile?" (new NotFoundError("Could not open the file at /tmp/rust_mozprofile5vMv2o/search.json.mozlz4", (void 0)))
DevTools listening on ws://localhost:46039/devtools/browser/67b5e8b2-5052-4592-8913-1e985e33cb74
1650746266843	Marionette	INFO	Listening on port 36963
Read port: 36963
1650746266883	RemoteAgent	WARN	TLS certificate errors will be ignored for this session
1650746301721	Marionette	INFO	Stopped listening on port 36963

###!!! [Parent][PImageBridgeParent] Error: RunMessage(msgname=PImageBridge::Msg_WillClose) Channel closing: too late to send/recv, messages will be lost

